gtpr/build/outputs/apk/manifest-merger-debug-report.txt
-- Merging decision tree log ---
manifest
ADDED from AndroidManifest.xml:2:1
	xmlns:tools
		ADDED from AndroidManifest.xml:3:5
	xmlns:android
		ADDED from AndroidManifest.xml:2:11
	package
		ADDED from AndroidManifest.xml:4:5
		INJECTED from AndroidManifest.xml:0:0
		INJECTED from AndroidManifest.xml:0:0
	android:versionName
		ADDED from AndroidManifest.xml:6:5
	android:versionCode
		ADDED from AndroidManifest.xml:5:5
		INJECTED from AndroidManifest.xml:0:0
		INJECTED from AndroidManifest.xml:0:0
uses-sdk
ADDED from AndroidManifest.xml:8:5
MERGED from massive-lana:aFileChooser:unspecified:20:5
MERGED from com.android.support:support-v4:20.0.0:16:5
MERGED from com.android.support:support-v4:20.0.0:16:5
MERGED from com.android.support:appcompat-v7:20.0.0:16:5
MERGED from com.android.support:support-v4:20.0.0:16:5
MERGED from com.github.castorflex.verticalviewpager:library:19.0.1:3:5
MERGED from com.android.support:support-v4:20.0.0:16:5
MERGED from com.ToxicBakery.viewpager.transforms:view-pager-transforms:1.0.0:23:5
MERGED from de.keyboardsurfer.android.widget:crouton:1.8.4:16:5
MERGED from com.joanzapata.pdfview:android-pdfview:1.0.2:25:2
MERGED from massive-lana:pr:unspecified:7:5
MERGED from massive-lana:webViewMarker:unspecified:7:5
MERGED from com.github.asne:asne-facebook:0.3.1:8:5
MERGED from com.facebook.android:facebook-android-sdk:3.19.1:20:5
MERGED from com.android.support:support-v4:20.0.0:16:5
MERGED from com.android.support:appcompat-v7:20.0.0:16:5
MERGED from com.android.support:support-v4:20.0.0:16:5
MERGED from com.github.asne:asne-core:0.3.1:8:5
MERGED from com.android.support:appcompat-v7:20.0.0:16:5
MERGED from com.android.support:support-v4:20.0.0:16:5
MERGED from info.hoang8f:fbutton:1.0.5:7:5
MERGED from com.wrapp.floatlabelededittext:library:0.0.6:7:5
	android:targetSdkVersion
		ADDED from AndroidManifest.xml:11:9
		INJECTED from AndroidManifest.xml:0:0
		INJECTED from AndroidManifest.xml:0:0
	android:minSdkVersion
		ADDED from AndroidManifest.xml:10:9
		INJECTED from AndroidManifest.xml:0:0
		INJECTED from AndroidManifest.xml:0:0
	tools:node
		ADDED from AndroidManifest.xml:9:9
uses-permission#android.permission.READ_EXTERNAL_STORAGE
ADDED from AndroidManifest.xml:16:5
MERGED from com.github.asne:asne-facebook:0.3.1:14:5
MERGED from com.github.asne:asne-core:0.3.1:14:5
	android:name
		ADDED from AndroidManifest.xml:16:22
uses-permission#android.permission.WRITE_EXTERNAL_STORAGE
ADDED from AndroidManifest.xml:17:5
MERGED from massive-lana:pr:unspecified:11:5
	android:name
		ADDED from AndroidManifest.xml:17:22
uses-permission#android.permission.INTERNET
ADDED from AndroidManifest.xml:18:5
MERGED from com.github.asne:asne-facebook:0.3.1:13:5
MERGED from com.github.asne:asne-core:0.3.1:13:5
	android:name
		ADDED from AndroidManifest.xml:18:22
uses-permission#android.permission.WRITE_USER_DICTIONARY
ADDED from AndroidManifest.xml:21:5
	android:name
		ADDED from AndroidManifest.xml:21:22
uses-permission#android.permission.WRITE_PROFILE
ADDED from AndroidManifest.xml:22:5
	android:name
		ADDED from AndroidManifest.xml:22:22
uses-permission#android.permission.READ_CONTACTS
ADDED from AndroidManifest.xml:23:5
	android:name
		ADDED from AndroidManifest.xml:23:22
uses-permission#android.permission.READ_PROFILE
ADDED from AndroidManifest.xml:24:5
	android:name
		ADDED from AndroidManifest.xml:24:22
uses-permission#android.permission.READ_CONTACT
ADDED from AndroidManifest.xml:25:5
	android:name
		ADDED from AndroidManifest.xml:25:22
uses-permission#android.permission.RECORD_AUDIO
ADDED from AndroidManifest.xml:27:5
	android:name
		ADDED from AndroidManifest.xml:27:22
uses-permission#android.permission.WAKE_LOCK
ADDED from AndroidManifest.xml:29:5
	android:name
		ADDED from AndroidManifest.xml:29:22
application
ADDED from AndroidManifest.xml:31:5
MERGED from com.android.support:support-v4:20.0.0:17:5
MERGED from com.android.support:support-v4:20.0.0:17:5
MERGED from com.android.support:appcompat-v7:20.0.0:17:5
MERGED from com.android.support:support-v4:20.0.0:17:5
MERGED from com.android.support:support-v4:20.0.0:17:5
MERGED from massive-lana:pr:unspecified:21:5
MERGED from com.github.asne:asne-facebook:0.3.1:16:5
MERGED from com.facebook.android:facebook-android-sdk:3.19.1:24:5
MERGED from com.android.support:support-v4:20.0.0:17:5
MERGED from com.android.support:appcompat-v7:20.0.0:17:5
MERGED from com.android.support:support-v4:20.0.0:17:5
MERGED from com.github.asne:asne-core:0.3.1:16:5
MERGED from com.android.support:appcompat-v7:20.0.0:17:5
MERGED from com.android.support:support-v4:20.0.0:17:5
MERGED from com.wrapp.floatlabelededittext:library:0.0.6:11:5
	android:label
		ADDED from AndroidManifest.xml:34:9
	android:allowBackup
		ADDED from AndroidManifest.xml:32:9
	android:icon
		ADDED from AndroidManifest.xml:33:9
	android:theme
		ADDED from AndroidManifest.xml:36:9
	android:name
		ADDED from AndroidManifest.xml:35:9
meta-data#AA_MODELS
ADDED from AndroidManifest.xml:38:9
	android:name
		ADDED from AndroidManifest.xml:39:13
	android:value
		ADDED from AndroidManifest.xml:40:13
meta-data#AA_DB_NAME
ADDED from AndroidManifest.xml:42:9
	android:name
		ADDED from AndroidManifest.xml:42:20
	android:value
		ADDED from AndroidManifest.xml:42:46
meta-data#AA_DB_VERSION
ADDED from AndroidManifest.xml:43:9
	android:name
		ADDED from AndroidManifest.xml:43:20
	android:value
		ADDED from AndroidManifest.xml:43:49
activity#gtg.virus.gtpr.SplashActivity
ADDED from AndroidManifest.xml:45:9
	android:noHistory
		ADDED from AndroidManifest.xml:48:13
	android:label
		ADDED from AndroidManifest.xml:47:13
	android:name
		ADDED from AndroidManifest.xml:46:13
activity#com.facebook.LoginActivity
ADDED from AndroidManifest.xml:51:9
MERGED from com.github.asne:asne-facebook:0.3.1:17:9
	android:noHistory
		ADDED from AndroidManifest.xml:54:19
	android:label
		ADDED from AndroidManifest.xml:53:19
	android:theme
		ADDED from AndroidManifest.xml:52:19
	android:name
		ADDED from AndroidManifest.xml:51:19
meta-data#com.facebook.sdk.ApplicationId
ADDED from AndroidManifest.xml:55:9
	android:name
		ADDED from AndroidManifest.xml:55:20
	android:value
		ADDED from AndroidManifest.xml:55:66
activity#gtg.virus.gtpr.LoginActivity
ADDED from AndroidManifest.xml:56:9
	android:name
		ADDED from AndroidManifest.xml:56:19
intent-filter#android.intent.action.MAIN+android.intent.category.LAUNCHER
ADDED from AndroidManifest.xml:57:13
action#android.intent.action.MAIN
ADDED from AndroidManifest.xml:58:17
	android:name
		ADDED from AndroidManifest.xml:58:25
category#android.intent.category.LAUNCHER
ADDED from AndroidManifest.xml:60:17
	android:name
		ADDED from AndroidManifest.xml:60:27
activity#gtg.virus.gtpr.NavigationalShelfListViewActivity
ADDED from AndroidManifest.xml:63:9
	android:name
		ADDED from AndroidManifest.xml:63:19
activity#com.ipaulpro.afilechooser.FileChooserActivity
ADDED from AndroidManifest.xml:65:9
	android:label
		ADDED from AndroidManifest.xml:70:9
	android:icon
		ADDED from AndroidManifest.xml:67:9
	android:exported
		ADDED from AndroidManifest.xml:69:9
	android:enabled
		ADDED from AndroidManifest.xml:68:9
	android:name
		ADDED from AndroidManifest.xml:66:9
intent-filter#android.intent.action.GET_CONTENT+android.intent.category.DEFAULT+android.intent.category.OPENABLE
ADDED from AndroidManifest.xml:71:13
action#android.intent.action.GET_CONTENT
ADDED from AndroidManifest.xml:72:17
	android:name
		ADDED from AndroidManifest.xml:72:25
category#android.intent.category.DEFAULT
ADDED from AndroidManifest.xml:74:17
	android:name
		ADDED from AndroidManifest.xml:74:27
category#android.intent.category.OPENABLE
ADDED from AndroidManifest.xml:75:17
	android:name
		ADDED from AndroidManifest.xml:75:27
data
ADDED from AndroidManifest.xml:77:17
	android:mimeType
		ADDED from AndroidManifest.xml:77:23
activity#gtg.virus.gtpr.GTGPdfViewer
ADDED from AndroidManifest.xml:80:9
	android:name
		ADDED from AndroidManifest.xml:80:19
activity#gtg.virus.gtpr.GTGEpubViewer
ADDED from AndroidManifest.xml:81:9
	android:name
		ADDED from AndroidManifest.xml:81:19
activity#gtg.virus.gtpr.GTGTxtViewer
ADDED from AndroidManifest.xml:82:9
	android:name
		ADDED from AndroidManifest.xml:82:19
activity#gtg.virus.gtpr.AudioBookMaker
ADDED from AndroidManifest.xml:83:9
	android:name
		ADDED from AndroidManifest.xml:83:19
activity#gtg.virus.gtpr.AudioListView
ADDED from AndroidManifest.xml:84:9
	android:name
		ADDED from AndroidManifest.xml:84:19
activity#gtg.virus.gtpr.GTGAudioListener
ADDED from AndroidManifest.xml:85:9
	android:name
		ADDED from AndroidManifest.xml:85:19
activity#gtg.virus.gtpr.ScheduleBooksInfoView
ADDED from AndroidManifest.xml:86:9
	android:name
		ADDED from AndroidManifest.xml:86:19
activity#gtg.virus.gtpr.ScheduledBooksView
ADDED from AndroidManifest.xml:87:9
	android:name
		ADDED from AndroidManifest.xml:87:19
activity#gtg.virus.gtpr.ShelfView
ADDED from AndroidManifest.xml:88:9
	android:name
		ADDED from AndroidManifest.xml:88:19
service#gtg.virus.gtpr.service.AudioService
ADDED from AndroidManifest.xml:90:9
	android:process
		ADDED from AndroidManifest.xml:90:55
	android:name
		ADDED from AndroidManifest.xml:90:18
android:uses-permission#android.permission.READ_PHONE_STATE
IMPLIED from AndroidManifest.xml:2:1 reason: com.commonsware.cwac.merge has a targetSdkVersion < 4
supports-screens
ADDED from massive-lana:pr:unspecified:13:5
	android:resizeable
		ADDED from massive-lana:pr:unspecified:17:9
	android:largeScreens
		ADDED from massive-lana:pr:unspecified:15:9
	android:anyDensity
		ADDED from massive-lana:pr:unspecified:14:9
	android:normalScreens
		ADDED from massive-lana:pr:unspecified:16:9
	android:xlargeScreens
		ADDED from massive-lana:pr:unspecified:19:9
	android:smallScreens
		ADDED from massive-lana:pr:unspecified:18:9
activity#com.radaee.reader.PDFReaderAct
ADDED from massive-lana:pr:unspecified:24:9
	android:label
		ADDED from massive-lana:pr:unspecified:27:13
	android:configChanges
		ADDED from massive-lana:pr:unspecified:26:13
	android:name
		ADDED from massive-lana:pr:unspecified:25:13
activity#com.github.gorbin.asne.core.OAuthActivity
ADDED from com.github.asne:asne-core:0.3.1:17:9
	android:theme
		ADDED from com.github.asne:asne-core:0.3.1:19:13
	android:name
		ADDED from com.github.asne:asne-core:0.3.1:18:13